<?xml version="1.0" encoding="UTF-8"?>
<robot generator="Robot 4.1.3 (Python 3.8.5 on win32)" generated="20220323 18:19:59.608" rpa="false" schemaversion="2">
<suite id="s1" name="Webautomation" source="C:\Dev\Robot\PrimeHeroAcademy\Prime-Robot\test\feature\webautomation.robot">
<test id="s1-t1" name="Cenario: Pesquisando um produto com sucesso">
<kw name="Abrir sessão" library="hooks" type="SETUP">
<kw name="Open Browser" library="SeleniumLibrary">
<arg>url:blank</arg>
<arg>${CONFIG.BROWSER.NOME}</arg>
<doc>Opens a new browser instance to the optional ``url``.</doc>
<msg timestamp="20220323 18:20:00.404" level="INFO">Opening browser 'chrome' to base url 'url:blank'.</msg>
<status status="PASS" starttime="20220323 18:20:00.403" endtime="20220323 18:20:02.504"/>
</kw>
<kw name="Go To" library="SeleniumLibrary">
<arg>${CONFIG.BROWSER.URL}</arg>
<doc>Navigates the current browser window to the provided ``url``.</doc>
<msg timestamp="20220323 18:20:02.506" level="INFO">Opening url 'http://automationpractice.com/index.php'</msg>
<status status="PASS" starttime="20220323 18:20:02.504" endtime="20220323 18:20:10.709"/>
</kw>
<kw name="Maximize Browser Window" library="SeleniumLibrary">
<doc>Maximizes current browser window.</doc>
<status status="PASS" starttime="20220323 18:20:10.709" endtime="20220323 18:20:10.845"/>
</kw>
<status status="PASS" starttime="20220323 18:20:00.402" endtime="20220323 18:20:10.846"/>
</kw>
<kw name="Dado que o cliente esteja na tela home do site" library="kws_webautomotion">
<kw name="Title Should Be" library="SeleniumLibrary">
<arg>${HOME.TITLE}</arg>
<doc>Verifies that the current page title equals ``title``.</doc>
<msg timestamp="20220323 18:20:10.851" level="INFO">Page title is 'My Store'.</msg>
<status status="PASS" starttime="20220323 18:20:10.847" endtime="20220323 18:20:10.851"/>
</kw>
<kw name="Wait Until Element Is Visible" library="SeleniumLibrary">
<arg>${HOME.MENU}</arg>
<doc>Waits until the element ``locator`` is visible.</doc>
<status status="PASS" starttime="20220323 18:20:10.851" endtime="20220323 18:20:10.877"/>
</kw>
<status status="PASS" starttime="20220323 18:20:10.846" endtime="20220323 18:20:10.878"/>
</kw>
<kw name="Quando realizar a pesquisa de um produto" library="kws_webautomotion">
<kw name="Input Text" library="SeleniumLibrary">
<arg>${HOME.SEARCH}</arg>
<arg>${BUSCA_BLOUSE}</arg>
<doc>Types the given ``text`` into the text field identified by ``locator``.</doc>
<msg timestamp="20220323 18:20:10.879" level="INFO">Typing text 'blouse' into text field 'search_query_top'.</msg>
<status status="PASS" starttime="20220323 18:20:10.879" endtime="20220323 18:20:10.970"/>
</kw>
<kw name="Click Element" library="SeleniumLibrary">
<arg>${HOME.BTN_PESQUISAR}</arg>
<doc>Click the element identified by ``locator``.</doc>
<msg timestamp="20220323 18:20:10.972" level="INFO">Clicking element 'submit_search'.</msg>
<status status="PASS" starttime="20220323 18:20:10.971" endtime="20220323 18:20:15.992"/>
</kw>
<status status="PASS" starttime="20220323 18:20:10.878" endtime="20220323 18:20:15.992"/>
</kw>
<kw name="Então o produto deve ser apresentado com sucesso" library="kws_webautomotion">
<kw name="Wait Until Element Is Visible" library="SeleniumLibrary">
<arg>${BUSCA.PRODUTO}</arg>
<doc>Waits until the element ``locator`` is visible.</doc>
<status status="PASS" starttime="20220323 18:20:15.994" endtime="20220323 18:20:16.024"/>
</kw>
<kw name="Page Should Contain Image" library="SeleniumLibrary">
<arg>${IMG.BLOUSE}</arg>
<doc>Verifies image identified by ``locator`` is found from current page.</doc>
<msg timestamp="20220323 18:20:16.041" level="INFO">Current page contains image '//img[@src='http://automationpractice.com/img/p/7/7-home_default.jpg']'.</msg>
<status status="PASS" starttime="20220323 18:20:16.024" endtime="20220323 18:20:16.041"/>
</kw>
<status status="PASS" starttime="20220323 18:20:15.993" endtime="20220323 18:20:16.041"/>
</kw>
<kw name="Fechar sessão" library="hooks" type="TEARDOWN">
<kw name="Capture Page Screenshot" library="SeleniumLibrary">
<doc>Takes a screenshot of the current page and embeds it into a log file.</doc>
<msg timestamp="20220323 18:20:25.638" level="INFO" html="true">&lt;/td&gt;&lt;/tr&gt;&lt;tr&gt;&lt;td colspan="3"&gt;&lt;a href="selenium-screenshot-1.png"&gt;&lt;img src="selenium-screenshot-1.png" width="800px"&gt;&lt;/a&gt;</msg>
<status status="PASS" starttime="20220323 18:20:16.042" endtime="20220323 18:20:25.638"/>
</kw>
<kw name="Close Browser" library="SeleniumLibrary">
<doc>Closes the current browser.</doc>
<status status="PASS" starttime="20220323 18:20:25.639" endtime="20220323 18:20:27.908"/>
</kw>
<status status="PASS" starttime="20220323 18:20:16.042" endtime="20220323 18:20:27.908"/>
</kw>
<tag>cenario1</tag>
<status status="PASS" starttime="20220323 18:20:00.402" endtime="20220323 18:20:27.909"/>
</test>
<test id="s1-t2" name="Cenario: Pesquisando um protudo inexistente">
<kw name="Abrir sessão" library="hooks" type="SETUP">
<kw name="Open Browser" library="SeleniumLibrary">
<arg>url:blank</arg>
<arg>${CONFIG.BROWSER.NOME}</arg>
<doc>Opens a new browser instance to the optional ``url``.</doc>
<msg timestamp="20220323 18:20:27.928" level="INFO">Opening browser 'chrome' to base url 'url:blank'.</msg>
<status status="PASS" starttime="20220323 18:20:27.921" endtime="20220323 18:20:30.004"/>
</kw>
<kw name="Go To" library="SeleniumLibrary">
<arg>${CONFIG.BROWSER.URL}</arg>
<doc>Navigates the current browser window to the provided ``url``.</doc>
<msg timestamp="20220323 18:20:30.007" level="INFO">Opening url 'http://automationpractice.com/index.php'</msg>
<status status="PASS" starttime="20220323 18:20:30.005" endtime="20220323 18:20:33.775"/>
</kw>
<kw name="Maximize Browser Window" library="SeleniumLibrary">
<doc>Maximizes current browser window.</doc>
<status status="PASS" starttime="20220323 18:20:33.776" endtime="20220323 18:20:33.905"/>
</kw>
<status status="PASS" starttime="20220323 18:20:27.918" endtime="20220323 18:20:33.905"/>
</kw>
<kw name="Dado que o cliente esteja na tela home do site" library="kws_webautomotion">
<kw name="Title Should Be" library="SeleniumLibrary">
<arg>${HOME.TITLE}</arg>
<doc>Verifies that the current page title equals ``title``.</doc>
<msg timestamp="20220323 18:20:33.913" level="INFO">Page title is 'My Store'.</msg>
<status status="PASS" starttime="20220323 18:20:33.906" endtime="20220323 18:20:33.914"/>
</kw>
<kw name="Wait Until Element Is Visible" library="SeleniumLibrary">
<arg>${HOME.MENU}</arg>
<doc>Waits until the element ``locator`` is visible.</doc>
<status status="PASS" starttime="20220323 18:20:33.914" endtime="20220323 18:20:33.958"/>
</kw>
<status status="PASS" starttime="20220323 18:20:33.906" endtime="20220323 18:20:33.958"/>
</kw>
<kw name="Quando realizar a pesquisa do produto" library="kws_webautomotion">
<arg>calça</arg>
<kw name="Input Text" library="SeleniumLibrary">
<arg>${HOME.SEARCH}</arg>
<arg>${produto}</arg>
<doc>Types the given ``text`` into the text field identified by ``locator``.</doc>
<msg timestamp="20220323 18:20:33.961" level="INFO">Typing text 'calça' into text field 'search_query_top'.</msg>
<status status="PASS" starttime="20220323 18:20:33.960" endtime="20220323 18:20:35.131"/>
</kw>
<kw name="Click Element" library="SeleniumLibrary">
<arg>${HOME.BTN_PESQUISAR}</arg>
<doc>Click the element identified by ``locator``.</doc>
<msg timestamp="20220323 18:20:35.132" level="INFO">Clicking element 'submit_search'.</msg>
<status status="PASS" starttime="20220323 18:20:35.131" endtime="20220323 18:20:36.285"/>
</kw>
<status status="PASS" starttime="20220323 18:20:33.959" endtime="20220323 18:20:36.285"/>
</kw>
<kw name="Então é apresentado a mensagem" library="kws_webautomotion">
<arg>No results were found for your search "calça"</arg>
<kw name="Wait Until Element Is Visible" library="SeleniumLibrary">
<arg>${MENSAGEM}</arg>
<doc>Waits until the element ``locator`` is visible.</doc>
<status status="PASS" starttime="20220323 18:20:36.289" endtime="20220323 18:20:36.335"/>
</kw>
<kw name="Get Text" library="SeleniumLibrary">
<var>${texto}</var>
<arg>${MENSAGEM}</arg>
<doc>Returns the text value of the element identified by ``locator``.</doc>
<msg timestamp="20220323 18:20:36.366" level="INFO">${texto} = No results were found for your search "calça"</msg>
<status status="PASS" starttime="20220323 18:20:36.335" endtime="20220323 18:20:36.366"/>
</kw>
<kw name="Should Be Equal As Strings" library="BuiltIn">
<arg>${texto}</arg>
<arg>${mensagem_erro}</arg>
<doc>Fails if objects are unequal after converting them to strings.</doc>
<status status="PASS" starttime="20220323 18:20:36.366" endtime="20220323 18:20:36.367"/>
</kw>
<status status="PASS" starttime="20220323 18:20:36.287" endtime="20220323 18:20:36.367"/>
</kw>
<kw name="Fechar sessão" library="hooks" type="TEARDOWN">
<kw name="Capture Page Screenshot" library="SeleniumLibrary">
<doc>Takes a screenshot of the current page and embeds it into a log file.</doc>
<msg timestamp="20220323 18:20:42.594" level="INFO" html="true">&lt;/td&gt;&lt;/tr&gt;&lt;tr&gt;&lt;td colspan="3"&gt;&lt;a href="selenium-screenshot-2.png"&gt;&lt;img src="selenium-screenshot-2.png" width="800px"&gt;&lt;/a&gt;</msg>
<status status="PASS" starttime="20220323 18:20:36.368" endtime="20220323 18:20:42.594"/>
</kw>
<kw name="Close Browser" library="SeleniumLibrary">
<doc>Closes the current browser.</doc>
<status status="PASS" starttime="20220323 18:20:42.594" endtime="20220323 18:20:44.871"/>
</kw>
<status status="PASS" starttime="20220323 18:20:36.368" endtime="20220323 18:20:44.872"/>
</kw>
<tag>cenario2</tag>
<status status="PASS" starttime="20220323 18:20:27.914" endtime="20220323 18:20:44.873"/>
</test>
<test id="s1-t3" name="Cenario: Listar Produtos">
<kw name="Abrir sessão" library="hooks" type="SETUP">
<kw name="Open Browser" library="SeleniumLibrary">
<arg>url:blank</arg>
<arg>${CONFIG.BROWSER.NOME}</arg>
<doc>Opens a new browser instance to the optional ``url``.</doc>
<msg timestamp="20220323 18:20:44.889" level="INFO">Opening browser 'chrome' to base url 'url:blank'.</msg>
<status status="PASS" starttime="20220323 18:20:44.883" endtime="20220323 18:20:47.092"/>
</kw>
<kw name="Go To" library="SeleniumLibrary">
<arg>${CONFIG.BROWSER.URL}</arg>
<doc>Navigates the current browser window to the provided ``url``.</doc>
<msg timestamp="20220323 18:20:47.093" level="INFO">Opening url 'http://automationpractice.com/index.php'</msg>
<status status="PASS" starttime="20220323 18:20:47.092" endtime="20220323 18:20:50.520"/>
</kw>
<kw name="Maximize Browser Window" library="SeleniumLibrary">
<doc>Maximizes current browser window.</doc>
<status status="PASS" starttime="20220323 18:20:50.520" endtime="20220323 18:20:50.641"/>
</kw>
<status status="PASS" starttime="20220323 18:20:44.880" endtime="20220323 18:20:50.641"/>
</kw>
<kw name="Dado que o cliente esteja na tela home do site" library="kws_webautomotion">
<kw name="Title Should Be" library="SeleniumLibrary">
<arg>${HOME.TITLE}</arg>
<doc>Verifies that the current page title equals ``title``.</doc>
<msg timestamp="20220323 18:20:50.650" level="INFO">Page title is 'My Store'.</msg>
<status status="PASS" starttime="20220323 18:20:50.643" endtime="20220323 18:20:50.650"/>
</kw>
<kw name="Wait Until Element Is Visible" library="SeleniumLibrary">
<arg>${HOME.MENU}</arg>
<doc>Waits until the element ``locator`` is visible.</doc>
<status status="PASS" starttime="20220323 18:20:50.650" endtime="20220323 18:20:50.683"/>
</kw>
<status status="PASS" starttime="20220323 18:20:50.642" endtime="20220323 18:20:50.683"/>
</kw>
<kw name="Quando passar o mouse por cima da categoria &quot;Women&quot;" library="kws_webautomotion">
<kw name="Mouse Over" library="SeleniumLibrary">
<arg>${PASS_MOUSE}</arg>
<doc>Simulates hovering the mouse over the element ``locator``.</doc>
<msg timestamp="20220323 18:20:50.685" level="INFO">Simulating Mouse Over on element '//a[@title='Women']'.</msg>
<status status="PASS" starttime="20220323 18:20:50.684" endtime="20220323 18:20:52.138"/>
</kw>
<status status="PASS" starttime="20220323 18:20:50.684" endtime="20220323 18:20:52.139"/>
</kw>
<kw name="E Clicar na sub categoria &quot;Summer Dresses&quot;" library="kws_webautomotion">
<kw name="Wait Until Element Is Visible" library="SeleniumLibrary">
<arg>${CAT_DRESSES.SUB_CATEGORIA}</arg>
<doc>Waits until the element ``locator`` is visible.</doc>
<status status="PASS" starttime="20220323 18:20:52.143" endtime="20220323 18:20:52.200"/>
</kw>
<kw name="Click Element" library="SeleniumLibrary">
<arg>${CAT_DRESSES.SUB_CATEGORIA}</arg>
<doc>Click the element identified by ``locator``.</doc>
<msg timestamp="20220323 18:20:52.203" level="INFO">Clicking element '//a[@title="Summer Dresses"]'.</msg>
<status status="PASS" starttime="20220323 18:20:52.201" endtime="20220323 18:20:54.622"/>
</kw>
<status status="PASS" starttime="20220323 18:20:52.141" endtime="20220323 18:20:54.623"/>
</kw>
<kw name="Então os produtos da sub-categoria &quot;Summer Dresses&quot; devem ser apresentados com sucesso" library="kws_webautomotion">
<kw name="Wait Until Element Is Visible" library="SeleniumLibrary">
<arg>${CAT_DRESSES.MENU}</arg>
<doc>Waits until the element ``locator`` is visible.</doc>
<status status="PASS" starttime="20220323 18:20:54.625" endtime="20220323 18:20:54.662"/>
</kw>
<kw name="Title Should Be" library="SeleniumLibrary">
<arg>${CAT_DRESSES.TITLE}</arg>
<doc>Verifies that the current page title equals ``title``.</doc>
<msg timestamp="20220323 18:20:54.667" level="INFO">Page title is 'Summer Dresses - My Store'.</msg>
<status status="PASS" starttime="20220323 18:20:54.662" endtime="20220323 18:20:54.667"/>
</kw>
<kw name="Page Should Contain Image" library="SeleniumLibrary">
<arg>${IMG.DRESSES}</arg>
<doc>Verifies image identified by ``locator`` is found from current page.</doc>
<msg timestamp="20220323 18:20:54.682" level="INFO">Current page contains image '//img[@src='http://automationpractice.com/img/p/2/0/20-home_default.jpg']'.</msg>
<status status="PASS" starttime="20220323 18:20:54.667" endtime="20220323 18:20:54.682"/>
</kw>
<status status="PASS" starttime="20220323 18:20:54.624" endtime="20220323 18:20:54.682"/>
</kw>
<kw name="Fechar sessão" library="hooks" type="TEARDOWN">
<kw name="Capture Page Screenshot" library="SeleniumLibrary">
<doc>Takes a screenshot of the current page and embeds it into a log file.</doc>
<msg timestamp="20220323 18:21:07.934" level="INFO" html="true">&lt;/td&gt;&lt;/tr&gt;&lt;tr&gt;&lt;td colspan="3"&gt;&lt;a href="selenium-screenshot-3.png"&gt;&lt;img src="selenium-screenshot-3.png" width="800px"&gt;&lt;/a&gt;</msg>
<status status="PASS" starttime="20220323 18:20:54.683" endtime="20220323 18:21:07.935"/>
</kw>
<kw name="Close Browser" library="SeleniumLibrary">
<doc>Closes the current browser.</doc>
<status status="PASS" starttime="20220323 18:21:07.935" endtime="20220323 18:21:10.220"/>
</kw>
<status status="PASS" starttime="20220323 18:20:54.683" endtime="20220323 18:21:10.221"/>
</kw>
<tag>cenario3</tag>
<status status="PASS" starttime="20220323 18:20:44.878" endtime="20220323 18:21:10.222"/>
</test>
<test id="s1-t4" name="Cenario: Adicionar cliente">
<kw name="Abrir sessão" library="hooks" type="SETUP">
<kw name="Open Browser" library="SeleniumLibrary">
<arg>url:blank</arg>
<arg>${CONFIG.BROWSER.NOME}</arg>
<doc>Opens a new browser instance to the optional ``url``.</doc>
<msg timestamp="20220323 18:21:10.239" level="INFO">Opening browser 'chrome' to base url 'url:blank'.</msg>
<status status="PASS" starttime="20220323 18:21:10.233" endtime="20220323 18:21:12.291"/>
</kw>
<kw name="Go To" library="SeleniumLibrary">
<arg>${CONFIG.BROWSER.URL}</arg>
<doc>Navigates the current browser window to the provided ``url``.</doc>
<msg timestamp="20220323 18:21:12.292" level="INFO">Opening url 'http://automationpractice.com/index.php'</msg>
<status status="PASS" starttime="20220323 18:21:12.291" endtime="20220323 18:21:15.929"/>
</kw>
<kw name="Maximize Browser Window" library="SeleniumLibrary">
<doc>Maximizes current browser window.</doc>
<status status="PASS" starttime="20220323 18:21:15.929" endtime="20220323 18:21:16.057"/>
</kw>
<status status="PASS" starttime="20220323 18:21:10.229" endtime="20220323 18:21:16.057"/>
</kw>
<kw name="Dado que o cliente esteja na tela home do site" library="kws_webautomotion">
<kw name="Title Should Be" library="SeleniumLibrary">
<arg>${HOME.TITLE}</arg>
<doc>Verifies that the current page title equals ``title``.</doc>
<msg timestamp="20220323 18:21:16.069" level="INFO">Page title is 'My Store'.</msg>
<status status="PASS" starttime="20220323 18:21:16.059" endtime="20220323 18:21:16.069"/>
</kw>
<kw name="Wait Until Element Is Visible" library="SeleniumLibrary">
<arg>${HOME.MENU}</arg>
<doc>Waits until the element ``locator`` is visible.</doc>
<status status="PASS" starttime="20220323 18:21:16.070" endtime="20220323 18:21:16.099"/>
</kw>
<status status="PASS" starttime="20220323 18:21:16.058" endtime="20220323 18:21:16.099"/>
</kw>
<kw name="Quando Clicar em &quot;Sign in&quot;" library="kws_webautomotion">
<kw name="Click Element" library="SeleniumLibrary">
<arg>${LOGIN.SIGN_IN}</arg>
<doc>Click the element identified by ``locator``.</doc>
<msg timestamp="20220323 18:21:16.102" level="INFO">Clicking element '//a[@class='login']'.</msg>
<status status="PASS" starttime="20220323 18:21:16.100" endtime="20220323 18:21:20.230"/>
</kw>
<status status="PASS" starttime="20220323 18:21:16.100" endtime="20220323 18:21:20.230"/>
</kw>
<kw name="E Informar um e-mail válido" library="kws_webautomotion">
<kw name="Email" library="FakerLibrary">
<var>${EMAIL}</var>
<msg timestamp="20220323 18:21:20.233" level="INFO">${EMAIL} = amanda44@example.com</msg>
<status status="PASS" starttime="20220323 18:21:20.232" endtime="20220323 18:21:20.233"/>
</kw>
<kw name="Wait Until Element Is Visible" library="SeleniumLibrary">
<arg>email_create</arg>
<doc>Waits until the element ``locator`` is visible.</doc>
<status status="PASS" starttime="20220323 18:21:20.233" endtime="20220323 18:21:20.267"/>
</kw>
<kw name="Title Should Be" library="SeleniumLibrary">
<arg>${LOGIN.TITLE}</arg>
<doc>Verifies that the current page title equals ``title``.</doc>
<msg timestamp="20220323 18:21:20.271" level="INFO">Page title is 'Login - My Store'.</msg>
<status status="PASS" starttime="20220323 18:21:20.267" endtime="20220323 18:21:20.271"/>
</kw>
<kw name="Input Text" library="SeleniumLibrary">
<arg>email_create</arg>
<arg>${EMAIL}</arg>
<doc>Types the given ``text`` into the text field identified by ``locator``.</doc>
<msg timestamp="20220323 18:21:20.271" level="INFO">Typing text 'amanda44@example.com' into text field 'email_create'.</msg>
<status status="PASS" starttime="20220323 18:21:20.271" endtime="20220323 18:21:20.361"/>
</kw>
<kw name="Log To Console" library="BuiltIn">
<arg>${EMAIL}</arg>
<doc>Logs the given message to the console.</doc>
<status status="PASS" starttime="20220323 18:21:20.362" endtime="20220323 18:21:20.362"/>
</kw>
<status status="PASS" starttime="20220323 18:21:20.231" endtime="20220323 18:21:20.362"/>
</kw>
<kw name="E Clicar em &quot;Create an account&quot;" library="kws_webautomotion">
<kw name="Click Element" library="SeleniumLibrary">
<arg>${USER.SubmitCreate}</arg>
<doc>Click the element identified by ``locator``.</doc>
<msg timestamp="20220323 18:21:20.364" level="INFO">Clicking element 'SubmitCreate'.</msg>
<status status="PASS" starttime="20220323 18:21:20.363" endtime="20220323 18:21:20.415"/>
</kw>
<status status="PASS" starttime="20220323 18:21:20.363" endtime="20220323 18:21:20.415"/>
</kw>
<kw name="E Preencher os dados obrigatórios" library="kws_webautomotion">
<kw name="First Name" library="FakerLibrary">
<var>${NAME}</var>
<msg timestamp="20220323 18:21:20.417" level="INFO">${NAME} = Stella</msg>
<status status="PASS" starttime="20220323 18:21:20.416" endtime="20220323 18:21:20.417"/>
</kw>
<kw name="Last Name" library="FakerLibrary">
<var>${LAST_NAME}</var>
<msg timestamp="20220323 18:21:20.417" level="INFO">${LAST_NAME} = Dias</msg>
<status status="PASS" starttime="20220323 18:21:20.417" endtime="20220323 18:21:20.417"/>
</kw>
<kw name="Phone Number" library="FakerLibrary">
<var>${PHONE_NUMBER}</var>
<msg timestamp="20220323 18:21:20.417" level="INFO">${PHONE_NUMBER} = 84 7901-8082</msg>
<status status="PASS" starttime="20220323 18:21:20.417" endtime="20220323 18:21:20.417"/>
</kw>
<kw name="Password" library="FakerLibrary">
<var>${PASSWORD}</var>
<doc>Generate a random password of the specified ``length``.</doc>
<msg timestamp="20220323 18:21:20.418" level="INFO">${PASSWORD} = k@e8VRbP)D</msg>
<status status="PASS" starttime="20220323 18:21:20.417" endtime="20220323 18:21:20.418"/>
</kw>
<kw name="City" library="FakerLibrary">
<var>${CITY}</var>
<doc>:example: 'Sashabury'</doc>
<msg timestamp="20220323 18:21:20.418" level="INFO">${CITY} = Aragão</msg>
<status status="PASS" starttime="20220323 18:21:20.418" endtime="20220323 18:21:20.418"/>
</kw>
<kw name="Word" library="FakerLibrary">
<var>${TEXT}</var>
<doc>Generate a word.</doc>
<msg timestamp="20220323 18:21:20.418" level="INFO">${TEXT} = illo</msg>
<status status="PASS" starttime="20220323 18:21:20.418" endtime="20220323 18:21:20.418"/>
</kw>
<kw name="Title Should Be" library="SeleniumLibrary">
<arg>${LOGIN.TITLE}</arg>
<doc>Verifies that the current page title equals ``title``.</doc>
<msg timestamp="20220323 18:21:20.423" level="INFO">Page title is 'Login - My Store'.</msg>
<status status="PASS" starttime="20220323 18:21:20.418" endtime="20220323 18:21:20.423"/>
</kw>
<kw name="Wait Until Element Is Visible" library="SeleniumLibrary">
<arg>${LOGIN.CHECKPAGE}</arg>
<doc>Waits until the element ``locator`` is visible.</doc>
<status status="PASS" starttime="20220323 18:21:20.423" endtime="20220323 18:21:21.794"/>
</kw>
<kw name="Click Element" library="SeleniumLibrary">
<arg>${MR}</arg>
<doc>Click the element identified by ``locator``.</doc>
<msg timestamp="20220323 18:21:21.795" level="INFO">Clicking element 'id:id_gender1'.</msg>
<status status="PASS" starttime="20220323 18:21:21.795" endtime="20220323 18:21:21.865"/>
</kw>
<kw name="Input Text" library="SeleniumLibrary">
<arg>${USER.customer_firstname}</arg>
<arg>${NAME}</arg>
<doc>Types the given ``text`` into the text field identified by ``locator``.</doc>
<msg timestamp="20220323 18:21:21.866" level="INFO">Typing text 'Stella' into text field 'customer_firstname'.</msg>
<status status="PASS" starttime="20220323 18:21:21.865" endtime="20220323 18:21:21.956"/>
</kw>
<kw name="Input Text" library="SeleniumLibrary">
<arg>${USER.customer_lastname}</arg>
<arg>${LAST_NAME}</arg>
<doc>Types the given ``text`` into the text field identified by ``locator``.</doc>
<msg timestamp="20220323 18:21:21.957" level="INFO">Typing text 'Dias' into text field 'customer_lastname'.</msg>
<status status="PASS" starttime="20220323 18:21:21.956" endtime="20220323 18:21:22.036"/>
</kw>
<kw name="Input Password" library="SeleniumLibrary">
<arg>${USER.passwd}</arg>
<arg>${PASSWORD}</arg>
<doc>Types the given password into the text field identified by ``locator``.</doc>
<msg timestamp="20220323 18:21:22.038" level="INFO">Typing password into text field 'passwd'.</msg>
<msg timestamp="20220323 18:21:22.076" level="INFO">Temporally setting log level to: NONE</msg>
<msg timestamp="20220323 18:21:22.125" level="INFO">Log level changed from NONE to INFO.</msg>
<status status="PASS" starttime="20220323 18:21:22.036" endtime="20220323 18:21:22.126"/>
</kw>
<kw name="Select From List By Value" library="SeleniumLibrary">
<arg>${USER.days}</arg>
<arg>${DATE.DIA}</arg>
<doc>Selects options from selection list ``locator`` by ``values``.</doc>
<msg timestamp="20220323 18:21:22.127" level="INFO">Selecting options from selection list 'days' by value 1.</msg>
<status status="PASS" starttime="20220323 18:21:22.126" endtime="20220323 18:21:22.188"/>
</kw>
<kw name="Select From List By Value" library="SeleniumLibrary">
<arg>${USER.months}</arg>
<arg>${DATE.MES}</arg>
<doc>Selects options from selection list ``locator`` by ``values``.</doc>
<msg timestamp="20220323 18:21:22.190" level="INFO">Selecting options from selection list 'months' by value 3.</msg>
<status status="PASS" starttime="20220323 18:21:22.188" endtime="20220323 18:21:22.241"/>
</kw>
<kw name="Select From List By Value" library="SeleniumLibrary">
<arg>${USER.years}</arg>
<arg>${DATE.ANO}</arg>
<doc>Selects options from selection list ``locator`` by ``values``.</doc>
<msg timestamp="20220323 18:21:22.241" level="INFO">Selecting options from selection list 'years' by value 2000.</msg>
<status status="PASS" starttime="20220323 18:21:22.241" endtime="20220323 18:21:22.294"/>
</kw>
<kw name="Click Button" library="SeleniumLibrary">
<arg>${USER.newsletter}</arg>
<doc>Clicks the button identified by ``locator``.</doc>
<msg timestamp="20220323 18:21:22.295" level="INFO">Clicking button 'newsletter'.</msg>
<status status="PASS" starttime="20220323 18:21:22.294" endtime="20220323 18:21:22.419"/>
</kw>
<kw name="Click Button" library="SeleniumLibrary">
<arg>${USER.optin}</arg>
<doc>Clicks the button identified by ``locator``.</doc>
<msg timestamp="20220323 18:21:22.420" level="INFO">Clicking button 'optin'.</msg>
<status status="PASS" starttime="20220323 18:21:22.419" endtime="20220323 18:21:22.465"/>
</kw>
<kw name="Input Text" library="SeleniumLibrary">
<arg>${USER.firstname}</arg>
<arg>${NAME}</arg>
<doc>Types the given ``text`` into the text field identified by ``locator``.</doc>
<msg timestamp="20220323 18:21:22.467" level="INFO">Typing text 'Stella' into text field 'firstname'.</msg>
<status status="PASS" starttime="20220323 18:21:22.466" endtime="20220323 18:21:22.554"/>
</kw>
<kw name="Input Text" library="SeleniumLibrary">
<arg>${USER.lastname}</arg>
<arg>${LAST_NAME}</arg>
<doc>Types the given ``text`` into the text field identified by ``locator``.</doc>
<msg timestamp="20220323 18:21:22.555" level="INFO">Typing text 'Dias' into text field 'lastname'.</msg>
<status status="PASS" starttime="20220323 18:21:22.554" endtime="20220323 18:21:22.630"/>
</kw>
<kw name="Input Text" library="SeleniumLibrary">
<arg>${USER.company}</arg>
<arg>Prime Control</arg>
<doc>Types the given ``text`` into the text field identified by ``locator``.</doc>
<msg timestamp="20220323 18:21:22.631" level="INFO">Typing text 'Prime Control' into text field 'company'.</msg>
<status status="PASS" starttime="20220323 18:21:22.630" endtime="20220323 18:21:22.720"/>
</kw>
<kw name="Input Text" library="SeleniumLibrary">
<arg>${USER.address1}</arg>
<arg>Rua Robot Framework</arg>
<doc>Types the given ``text`` into the text field identified by ``locator``.</doc>
<msg timestamp="20220323 18:21:22.721" level="INFO">Typing text 'Rua Robot Framework' into text field 'address1'.</msg>
<status status="PASS" starttime="20220323 18:21:22.720" endtime="20220323 18:21:22.818"/>
</kw>
<kw name="Input Text" library="SeleniumLibrary">
<arg>${USER.address2}</arg>
<arg>Automatizando processos</arg>
<doc>Types the given ``text`` into the text field identified by ``locator``.</doc>
<msg timestamp="20220323 18:21:22.819" level="INFO">Typing text 'Automatizando processos' into text field 'address2'.</msg>
<status status="PASS" starttime="20220323 18:21:22.818" endtime="20220323 18:21:22.918"/>
</kw>
<kw name="Input Text" library="SeleniumLibrary">
<arg>${USER.city}</arg>
<arg>${CITY}</arg>
<doc>Types the given ``text`` into the text field identified by ``locator``.</doc>
<msg timestamp="20220323 18:21:22.919" level="INFO">Typing text 'Aragão' into text field 'city'.</msg>
<status status="PASS" starttime="20220323 18:21:22.918" endtime="20220323 18:21:22.998"/>
</kw>
<kw name="Select From List By Value" library="SeleniumLibrary">
<arg>${USER.id_state}</arg>
<arg>10</arg>
<doc>Selects options from selection list ``locator`` by ``values``.</doc>
<msg timestamp="20220323 18:21:22.999" level="INFO">Selecting options from selection list 'id_state' by value 10.</msg>
<status status="PASS" starttime="20220323 18:21:22.998" endtime="20220323 18:21:23.055"/>
</kw>
<kw name="Input Text" library="SeleniumLibrary">
<arg>${USER.postcode}</arg>
<arg>${POSTAL_CODE}</arg>
<doc>Types the given ``text`` into the text field identified by ``locator``.</doc>
<msg timestamp="20220323 18:21:23.057" level="INFO">Typing text '45995' into text field 'postcode'.</msg>
<status status="PASS" starttime="20220323 18:21:23.055" endtime="20220323 18:21:23.141"/>
</kw>
<kw name="Input Text" library="SeleniumLibrary">
<arg>${USER.other}</arg>
<arg>${TEXT}</arg>
<doc>Types the given ``text`` into the text field identified by ``locator``.</doc>
<msg timestamp="20220323 18:21:23.142" level="INFO">Typing text 'illo' into text field 'other'.</msg>
<status status="PASS" starttime="20220323 18:21:23.141" endtime="20220323 18:21:23.210"/>
</kw>
<kw name="Input Text" library="SeleniumLibrary">
<arg>${USER.phone}</arg>
<arg>${PHONE_NUMBER}</arg>
<doc>Types the given ``text`` into the text field identified by ``locator``.</doc>
<msg timestamp="20220323 18:21:23.211" level="INFO">Typing text '84 7901-8082' into text field 'phone'.</msg>
<status status="PASS" starttime="20220323 18:21:23.210" endtime="20220323 18:21:23.296"/>
</kw>
<kw name="Input Text" library="SeleniumLibrary">
<arg>${USER.phone_mobile}</arg>
<arg>${PHONE_NUMBER}</arg>
<doc>Types the given ``text`` into the text field identified by ``locator``.</doc>
<msg timestamp="20220323 18:21:23.297" level="INFO">Typing text '84 7901-8082' into text field 'phone_mobile'.</msg>
<status status="PASS" starttime="20220323 18:21:23.296" endtime="20220323 18:21:23.396"/>
</kw>
<kw name="Input Text" library="SeleniumLibrary">
<arg>${USER.alias}</arg>
<arg>My address</arg>
<doc>Types the given ``text`` into the text field identified by ``locator``.</doc>
<msg timestamp="20220323 18:21:23.397" level="INFO">Typing text 'My address' into text field 'alias'.</msg>
<status status="PASS" starttime="20220323 18:21:23.397" endtime="20220323 18:21:23.489"/>
</kw>
<status status="PASS" starttime="20220323 18:21:20.416" endtime="20220323 18:21:23.489"/>
</kw>
<kw name=" E Submeter cadastro" library="kws_webautomotion">
<kw name="Click Button" library="SeleniumLibrary">
<arg>${USER.submitAccount}</arg>
<doc>Clicks the button identified by ``locator``.</doc>
<msg timestamp="20220323 18:21:23.491" level="INFO">Clicking button 'submitAccount'.</msg>
<status status="PASS" starttime="20220323 18:21:23.490" endtime="20220323 18:21:24.965"/>
</kw>
<status status="PASS" starttime="20220323 18:21:23.490" endtime="20220323 18:21:24.965"/>
</kw>
<kw name=" Então conferir se o cadastro foi efetuado com sucesso" library="kws_webautomotion">
<kw name="Wait Until Page Contains" library="SeleniumLibrary">
<arg>${WELCOME}</arg>
<doc>Waits until ``text`` appears on the current page.</doc>
<status status="PASS" starttime="20220323 18:21:24.966" endtime="20220323 18:21:24.979"/>
</kw>
<kw name="Page Should Contain Element" library="SeleniumLibrary">
<arg>${PAGE-HEADING}</arg>
<doc>Verifies that element ``locator`` is found on the current page.</doc>
<msg timestamp="20220323 18:21:24.989" level="INFO">Current page contains element 'id=center_column'.</msg>
<status status="PASS" starttime="20220323 18:21:24.980" endtime="20220323 18:21:24.989"/>
</kw>
<status status="PASS" starttime="20220323 18:21:24.966" endtime="20220323 18:21:24.989"/>
</kw>
<kw name="Fechar sessão" library="hooks" type="TEARDOWN">
<kw name="Capture Page Screenshot" library="SeleniumLibrary">
<doc>Takes a screenshot of the current page and embeds it into a log file.</doc>
<msg timestamp="20220323 18:21:34.026" level="INFO" html="true">&lt;/td&gt;&lt;/tr&gt;&lt;tr&gt;&lt;td colspan="3"&gt;&lt;a href="selenium-screenshot-4.png"&gt;&lt;img src="selenium-screenshot-4.png" width="800px"&gt;&lt;/a&gt;</msg>
<status status="PASS" starttime="20220323 18:21:24.990" endtime="20220323 18:21:34.026"/>
</kw>
<kw name="Close Browser" library="SeleniumLibrary">
<doc>Closes the current browser.</doc>
<status status="PASS" starttime="20220323 18:21:34.026" endtime="20220323 18:21:36.300"/>
</kw>
<status status="PASS" starttime="20220323 18:21:24.990" endtime="20220323 18:21:36.301"/>
</kw>
<tag>cenario4</tag>
<status status="PASS" starttime="20220323 18:21:10.227" endtime="20220323 18:21:36.303"/>
</test>
<doc>Aqui estarão presentes todos os cenários de automação WEB</doc>
<status status="PASS" starttime="20220323 18:19:59.610" endtime="20220323 18:21:36.309"/>
</suite>
<statistics>
<total>
<stat pass="4" fail="0" skip="0">All Tests</stat>
</total>
<tag>
<stat pass="1" fail="0" skip="0">cenario1</stat>
<stat pass="1" fail="0" skip="0">cenario2</stat>
<stat pass="1" fail="0" skip="0">cenario3</stat>
<stat pass="1" fail="0" skip="0">cenario4</stat>
</tag>
<suite>
<stat pass="4" fail="0" skip="0" id="s1" name="Webautomation">Webautomation</stat>
</suite>
</statistics>
<errors>
</errors>
</robot>
