<?xml version="1.0" encoding="UTF-8"?>
<robot generator="Robot 5.0 (Python 3.10.2 on win32)" generated="20220330 02:09:39.048" rpa="false" schemaversion="3">
<suite id="s1" name="Webautomation" source="C:\Developer\Robot\PrimeControl\Prime-Robot\test\feature\webautomation.robot">
<test id="s1-t1" name="Cenario: Pesquisando um produto com sucesso" line="8">
<kw name="Abrir sessão" library="hooks" type="SETUP">
<kw name="Open Browser" library="SeleniumLibrary">
<arg>url:blank</arg>
<arg>${CONFIG.BROWSER.NOME}</arg>
<doc>Opens a new browser instance to the optional ``url``.</doc>
<msg timestamp="20220330 02:09:42.424" level="INFO">Opening browser 'chrome' to base url 'url:blank'.</msg>
<status status="PASS" starttime="20220330 02:09:42.422" endtime="20220330 02:09:44.332"/>
</kw>
<kw name="Go To" library="SeleniumLibrary">
<arg>${CONFIG.BROWSER.URL}</arg>
<doc>Navigates the current browser window to the provided ``url``.</doc>
<msg timestamp="20220330 02:09:44.335" level="INFO">Opening url 'http://automationpractice.com/index.php'</msg>
<status status="PASS" starttime="20220330 02:09:44.332" endtime="20220330 02:10:02.032"/>
</kw>
<kw name="Maximize Browser Window" library="SeleniumLibrary">
<doc>Maximizes current browser window.</doc>
<status status="PASS" starttime="20220330 02:10:02.033" endtime="20220330 02:10:02.220"/>
</kw>
<status status="PASS" starttime="20220330 02:09:42.421" endtime="20220330 02:10:02.220"/>
</kw>
<kw name="Dado que o cliente esteja na tela home do site" library="kws_webautomotion">
<kw name="Title Should Be" library="SeleniumLibrary">
<arg>${HOME.TITLE}</arg>
<doc>Verifies that the current page title equals ``title``.</doc>
<msg timestamp="20220330 02:10:02.248" level="INFO">Page title is 'My Store'.</msg>
<status status="PASS" starttime="20220330 02:10:02.226" endtime="20220330 02:10:02.249"/>
</kw>
<kw name="Wait Until Element Is Visible" library="SeleniumLibrary">
<arg>${HOME.MENU}</arg>
<doc>Waits until the element ``locator`` is visible.</doc>
<status status="PASS" starttime="20220330 02:10:02.249" endtime="20220330 02:10:02.305"/>
</kw>
<status status="PASS" starttime="20220330 02:10:02.225" endtime="20220330 02:10:02.305"/>
</kw>
<kw name="Quando realizar a pesquisa de um produto" library="kws_webautomotion">
<kw name="Input Text" library="SeleniumLibrary">
<arg>${HOME.SEARCH}</arg>
<arg>${BUSCA_BLOUSE}</arg>
<doc>Types the given ``text`` into the text field identified by ``locator``.</doc>
<msg timestamp="20220330 02:10:02.310" level="INFO">Typing text 'blouse' into text field 'search_query_top'.</msg>
<status status="PASS" starttime="20220330 02:10:02.307" endtime="20220330 02:10:02.471"/>
</kw>
<kw name="Click Element" library="SeleniumLibrary">
<arg>${HOME.BTN_PESQUISAR}</arg>
<doc>Click the element identified by ``locator``.</doc>
<msg timestamp="20220330 02:10:02.473" level="INFO">Clicking element 'submit_search'.</msg>
<status status="PASS" starttime="20220330 02:10:02.472" endtime="20220330 02:10:04.617"/>
</kw>
<status status="PASS" starttime="20220330 02:10:02.306" endtime="20220330 02:10:04.617"/>
</kw>
<kw name="Então o produto deve ser apresentado com sucesso" library="kws_webautomotion">
<kw name="Wait Until Element Is Visible" library="SeleniumLibrary">
<arg>${BUSCA.PRODUTO}</arg>
<doc>Waits until the element ``locator`` is visible.</doc>
<status status="PASS" starttime="20220330 02:10:04.619" endtime="20220330 02:10:04.655"/>
</kw>
<kw name="Page Should Contain Image" library="SeleniumLibrary">
<arg>${IMG.BLOUSE}</arg>
<doc>Verifies image identified by ``locator`` is found from current page.</doc>
<msg timestamp="20220330 02:10:04.677" level="INFO">Current page contains image '//img[@src='http://automationpractice.com/img/p/7/7-home_default.jpg']'.</msg>
<status status="PASS" starttime="20220330 02:10:04.656" endtime="20220330 02:10:04.677"/>
</kw>
<status status="PASS" starttime="20220330 02:10:04.618" endtime="20220330 02:10:04.677"/>
</kw>
<kw name="Fechar sessão" library="hooks" type="TEARDOWN">
<kw name="Capture Page Screenshot" library="SeleniumLibrary">
<doc>Takes a screenshot of the current page and embeds it into a log file.</doc>
<msg timestamp="20220330 02:10:04.911" level="INFO" html="true">&lt;/td&gt;&lt;/tr&gt;&lt;tr&gt;&lt;td colspan="3"&gt;&lt;a href="selenium-screenshot-34.png"&gt;&lt;img src="selenium-screenshot-34.png" width="800px"&gt;&lt;/a&gt;</msg>
<status status="PASS" starttime="20220330 02:10:04.679" endtime="20220330 02:10:04.911"/>
</kw>
<kw name="Close Browser" library="SeleniumLibrary">
<doc>Closes the current browser.</doc>
<status status="PASS" starttime="20220330 02:10:04.912" endtime="20220330 02:10:07.259"/>
</kw>
<status status="PASS" starttime="20220330 02:10:04.678" endtime="20220330 02:10:07.260"/>
</kw>
<tag>cenario1</tag>
<status status="PASS" starttime="20220330 02:09:42.420" endtime="20220330 02:10:07.260"/>
</test>
<test id="s1-t2" name="Cenario: Pesquisando um protudo inexistente" line="15">
<kw name="Abrir sessão" library="hooks" type="SETUP">
<kw name="Open Browser" library="SeleniumLibrary">
<arg>url:blank</arg>
<arg>${CONFIG.BROWSER.NOME}</arg>
<doc>Opens a new browser instance to the optional ``url``.</doc>
<msg timestamp="20220330 02:10:07.266" level="INFO">Opening browser 'chrome' to base url 'url:blank'.</msg>
<status status="PASS" starttime="20220330 02:10:07.264" endtime="20220330 02:10:09.152"/>
</kw>
<kw name="Go To" library="SeleniumLibrary">
<arg>${CONFIG.BROWSER.URL}</arg>
<doc>Navigates the current browser window to the provided ``url``.</doc>
<msg timestamp="20220330 02:10:09.154" level="INFO">Opening url 'http://automationpractice.com/index.php'</msg>
<status status="PASS" starttime="20220330 02:10:09.152" endtime="20220330 02:10:15.352"/>
</kw>
<kw name="Maximize Browser Window" library="SeleniumLibrary">
<doc>Maximizes current browser window.</doc>
<status status="PASS" starttime="20220330 02:10:15.353" endtime="20220330 02:10:15.521"/>
</kw>
<status status="PASS" starttime="20220330 02:10:07.263" endtime="20220330 02:10:15.522"/>
</kw>
<kw name="Dado que o cliente esteja na tela home do site" library="kws_webautomotion">
<kw name="Title Should Be" library="SeleniumLibrary">
<arg>${HOME.TITLE}</arg>
<doc>Verifies that the current page title equals ``title``.</doc>
<msg timestamp="20220330 02:10:15.553" level="INFO">Page title is 'My Store'.</msg>
<status status="PASS" starttime="20220330 02:10:15.524" endtime="20220330 02:10:15.554"/>
</kw>
<kw name="Wait Until Element Is Visible" library="SeleniumLibrary">
<arg>${HOME.MENU}</arg>
<doc>Waits until the element ``locator`` is visible.</doc>
<status status="PASS" starttime="20220330 02:10:15.554" endtime="20220330 02:10:15.612"/>
</kw>
<status status="PASS" starttime="20220330 02:10:15.523" endtime="20220330 02:10:15.612"/>
</kw>
<kw name="Quando realizar a pesquisa do produto" library="kws_webautomotion">
<arg>calça</arg>
<kw name="Input Text" library="SeleniumLibrary">
<arg>${HOME.SEARCH}</arg>
<arg>${produto}</arg>
<doc>Types the given ``text`` into the text field identified by ``locator``.</doc>
<msg timestamp="20220330 02:10:15.616" level="INFO">Typing text 'calça' into text field 'search_query_top'.</msg>
<status status="PASS" starttime="20220330 02:10:15.614" endtime="20220330 02:10:15.785"/>
</kw>
<kw name="Click Element" library="SeleniumLibrary">
<arg>${HOME.BTN_PESQUISAR}</arg>
<doc>Click the element identified by ``locator``.</doc>
<msg timestamp="20220330 02:10:15.788" level="INFO">Clicking element 'submit_search'.</msg>
<status status="PASS" starttime="20220330 02:10:15.786" endtime="20220330 02:10:15.896"/>
</kw>
<status status="PASS" starttime="20220330 02:10:15.613" endtime="20220330 02:10:15.897"/>
</kw>
<kw name="Então é apresentado a mensagem" library="kws_webautomotion">
<arg>No results were found for your search "calça"</arg>
<kw name="Wait Until Element Is Visible" library="SeleniumLibrary">
<arg>${MENSAGEM}</arg>
<doc>Waits until the element ``locator`` is visible.</doc>
<status status="PASS" starttime="20220330 02:10:15.902" endtime="20220330 02:10:18.085"/>
</kw>
<kw name="Get Text" library="SeleniumLibrary">
<var>${texto}</var>
<arg>${MENSAGEM}</arg>
<doc>Returns the text value of the element identified by ``locator``.</doc>
<msg timestamp="20220330 02:10:18.116" level="INFO">${texto} = No results were found for your search "calça"</msg>
<status status="PASS" starttime="20220330 02:10:18.086" endtime="20220330 02:10:18.116"/>
</kw>
<kw name="Should Be Equal As Strings" library="BuiltIn">
<arg>${texto}</arg>
<arg>${mensagem_erro}</arg>
<doc>Fails if objects are unequal after converting them to strings.</doc>
<status status="PASS" starttime="20220330 02:10:18.116" endtime="20220330 02:10:18.117"/>
</kw>
<status status="PASS" starttime="20220330 02:10:15.901" endtime="20220330 02:10:18.117"/>
</kw>
<kw name="Fechar sessão" library="hooks" type="TEARDOWN">
<kw name="Capture Page Screenshot" library="SeleniumLibrary">
<doc>Takes a screenshot of the current page and embeds it into a log file.</doc>
<msg timestamp="20220330 02:10:18.370" level="INFO" html="true">&lt;/td&gt;&lt;/tr&gt;&lt;tr&gt;&lt;td colspan="3"&gt;&lt;a href="selenium-screenshot-35.png"&gt;&lt;img src="selenium-screenshot-35.png" width="800px"&gt;&lt;/a&gt;</msg>
<status status="PASS" starttime="20220330 02:10:18.119" endtime="20220330 02:10:18.370"/>
</kw>
<kw name="Close Browser" library="SeleniumLibrary">
<doc>Closes the current browser.</doc>
<status status="PASS" starttime="20220330 02:10:18.371" endtime="20220330 02:10:20.647"/>
</kw>
<status status="PASS" starttime="20220330 02:10:18.118" endtime="20220330 02:10:20.647"/>
</kw>
<tag>cenario2</tag>
<status status="PASS" starttime="20220330 02:10:07.262" endtime="20220330 02:10:20.648"/>
</test>
<test id="s1-t3" name="Cenario: Listar Produtos" line="22">
<kw name="Abrir sessão" library="hooks" type="SETUP">
<kw name="Open Browser" library="SeleniumLibrary">
<arg>url:blank</arg>
<arg>${CONFIG.BROWSER.NOME}</arg>
<doc>Opens a new browser instance to the optional ``url``.</doc>
<msg timestamp="20220330 02:10:20.652" level="INFO">Opening browser 'chrome' to base url 'url:blank'.</msg>
<status status="PASS" starttime="20220330 02:10:20.651" endtime="20220330 02:10:22.741"/>
</kw>
<kw name="Go To" library="SeleniumLibrary">
<arg>${CONFIG.BROWSER.URL}</arg>
<doc>Navigates the current browser window to the provided ``url``.</doc>
<msg timestamp="20220330 02:10:22.744" level="INFO">Opening url 'http://automationpractice.com/index.php'</msg>
<status status="PASS" starttime="20220330 02:10:22.742" endtime="20220330 02:10:28.933"/>
</kw>
<kw name="Maximize Browser Window" library="SeleniumLibrary">
<doc>Maximizes current browser window.</doc>
<status status="PASS" starttime="20220330 02:10:28.933" endtime="20220330 02:10:29.083"/>
</kw>
<status status="PASS" starttime="20220330 02:10:20.651" endtime="20220330 02:10:29.084"/>
</kw>
<kw name="Dado que o cliente esteja na tela home do site" library="kws_webautomotion">
<kw name="Title Should Be" library="SeleniumLibrary">
<arg>${HOME.TITLE}</arg>
<doc>Verifies that the current page title equals ``title``.</doc>
<msg timestamp="20220330 02:10:29.110" level="INFO">Page title is 'My Store'.</msg>
<status status="PASS" starttime="20220330 02:10:29.086" endtime="20220330 02:10:29.111"/>
</kw>
<kw name="Wait Until Element Is Visible" library="SeleniumLibrary">
<arg>${HOME.MENU}</arg>
<doc>Waits until the element ``locator`` is visible.</doc>
<status status="PASS" starttime="20220330 02:10:29.111" endtime="20220330 02:10:29.171"/>
</kw>
<status status="PASS" starttime="20220330 02:10:29.085" endtime="20220330 02:10:29.172"/>
</kw>
<kw name="Quando passar o mouse por cima da categoria &quot;Women&quot;" library="kws_webautomotion">
<kw name="Mouse Over" library="SeleniumLibrary">
<arg>${PASS_MOUSE}</arg>
<doc>Simulates hovering the mouse over the element ``locator``.</doc>
<msg timestamp="20220330 02:10:29.175" level="INFO">Simulating Mouse Over on element '//a[@title='Women']'.</msg>
<status status="PASS" starttime="20220330 02:10:29.174" endtime="20220330 02:10:29.485"/>
</kw>
<status status="PASS" starttime="20220330 02:10:29.173" endtime="20220330 02:10:29.486"/>
</kw>
<kw name="E Clicar na sub categoria &quot;Summer Dresses&quot;" library="kws_webautomotion">
<kw name="Wait Until Element Is Visible" library="SeleniumLibrary">
<arg>${CAT_DRESSES.SUB_CATEGORIA}</arg>
<doc>Waits until the element ``locator`` is visible.</doc>
<status status="PASS" starttime="20220330 02:10:29.489" endtime="20220330 02:10:29.536"/>
</kw>
<kw name="Click Element" library="SeleniumLibrary">
<arg>${CAT_DRESSES.SUB_CATEGORIA}</arg>
<doc>Click the element identified by ``locator``.</doc>
<msg timestamp="20220330 02:10:29.538" level="INFO">Clicking element '//a[@title="Summer Dresses"]'.</msg>
<status status="PASS" starttime="20220330 02:10:29.537" endtime="20220330 02:10:32.559"/>
</kw>
<status status="PASS" starttime="20220330 02:10:29.488" endtime="20220330 02:10:32.559"/>
</kw>
<kw name="Então os produtos da sub-categoria &quot;Summer Dresses&quot; devem ser apresentados com sucesso" library="kws_webautomotion">
<kw name="Wait Until Element Is Visible" library="SeleniumLibrary">
<arg>${CAT_DRESSES.MENU}</arg>
<doc>Waits until the element ``locator`` is visible.</doc>
<status status="PASS" starttime="20220330 02:10:32.561" endtime="20220330 02:10:32.591"/>
</kw>
<kw name="Title Should Be" library="SeleniumLibrary">
<arg>${CAT_DRESSES.TITLE}</arg>
<doc>Verifies that the current page title equals ``title``.</doc>
<msg timestamp="20220330 02:10:32.598" level="INFO">Page title is 'Summer Dresses - My Store'.</msg>
<status status="PASS" starttime="20220330 02:10:32.592" endtime="20220330 02:10:32.598"/>
</kw>
<kw name="Page Should Contain Image" library="SeleniumLibrary">
<arg>${IMG.DRESSES}</arg>
<doc>Verifies image identified by ``locator`` is found from current page.</doc>
<msg timestamp="20220330 02:10:32.622" level="INFO">Current page contains image '//img[@src='http://automationpractice.com/img/p/2/0/20-home_default.jpg']'.</msg>
<status status="PASS" starttime="20220330 02:10:32.599" endtime="20220330 02:10:32.622"/>
</kw>
<status status="PASS" starttime="20220330 02:10:32.560" endtime="20220330 02:10:32.622"/>
</kw>
<kw name="Fechar sessão" library="hooks" type="TEARDOWN">
<kw name="Capture Page Screenshot" library="SeleniumLibrary">
<doc>Takes a screenshot of the current page and embeds it into a log file.</doc>
<msg timestamp="20220330 02:10:32.944" level="INFO" html="true">&lt;/td&gt;&lt;/tr&gt;&lt;tr&gt;&lt;td colspan="3"&gt;&lt;a href="selenium-screenshot-36.png"&gt;&lt;img src="selenium-screenshot-36.png" width="800px"&gt;&lt;/a&gt;</msg>
<status status="PASS" starttime="20220330 02:10:32.624" endtime="20220330 02:10:32.945"/>
</kw>
<kw name="Close Browser" library="SeleniumLibrary">
<doc>Closes the current browser.</doc>
<status status="PASS" starttime="20220330 02:10:32.945" endtime="20220330 02:10:35.201"/>
</kw>
<status status="PASS" starttime="20220330 02:10:32.623" endtime="20220330 02:10:35.202"/>
</kw>
<tag>cenario3</tag>
<status status="PASS" starttime="20220330 02:10:20.650" endtime="20220330 02:10:35.203"/>
</test>
<test id="s1-t4" name="Cenario: Adicionar cliente" line="30">
<kw name="Abrir sessão" library="hooks" type="SETUP">
<kw name="Open Browser" library="SeleniumLibrary">
<arg>url:blank</arg>
<arg>${CONFIG.BROWSER.NOME}</arg>
<doc>Opens a new browser instance to the optional ``url``.</doc>
<msg timestamp="20220330 02:10:35.209" level="INFO">Opening browser 'chrome' to base url 'url:blank'.</msg>
<status status="PASS" starttime="20220330 02:10:35.208" endtime="20220330 02:10:37.153"/>
</kw>
<kw name="Go To" library="SeleniumLibrary">
<arg>${CONFIG.BROWSER.URL}</arg>
<doc>Navigates the current browser window to the provided ``url``.</doc>
<msg timestamp="20220330 02:10:37.155" level="INFO">Opening url 'http://automationpractice.com/index.php'</msg>
<status status="PASS" starttime="20220330 02:10:37.154" endtime="20220330 02:10:43.189"/>
</kw>
<kw name="Maximize Browser Window" library="SeleniumLibrary">
<doc>Maximizes current browser window.</doc>
<status status="PASS" starttime="20220330 02:10:43.189" endtime="20220330 02:10:43.380"/>
</kw>
<status status="PASS" starttime="20220330 02:10:35.207" endtime="20220330 02:10:43.380"/>
</kw>
<kw name="Dado que o cliente esteja na tela home do site" library="kws_webautomotion">
<kw name="Title Should Be" library="SeleniumLibrary">
<arg>${HOME.TITLE}</arg>
<doc>Verifies that the current page title equals ``title``.</doc>
<msg timestamp="20220330 02:10:43.394" level="INFO">Page title is 'My Store'.</msg>
<status status="PASS" starttime="20220330 02:10:43.383" endtime="20220330 02:10:43.394"/>
</kw>
<kw name="Wait Until Element Is Visible" library="SeleniumLibrary">
<arg>${HOME.MENU}</arg>
<doc>Waits until the element ``locator`` is visible.</doc>
<status status="PASS" starttime="20220330 02:10:43.395" endtime="20220330 02:10:43.468"/>
</kw>
<status status="PASS" starttime="20220330 02:10:43.382" endtime="20220330 02:10:43.468"/>
</kw>
<kw name="Quando Clicar em &quot;Sign in&quot;" library="kws_webautomotion">
<kw name="Click Element" library="SeleniumLibrary">
<arg>${LOGIN.SIGN_IN}</arg>
<doc>Click the element identified by ``locator``.</doc>
<msg timestamp="20220330 02:10:43.472" level="INFO">Clicking element '//a[@class='login']'.</msg>
<status status="PASS" starttime="20220330 02:10:43.470" endtime="20220330 02:10:45.175"/>
</kw>
<status status="PASS" starttime="20220330 02:10:43.469" endtime="20220330 02:10:45.176"/>
</kw>
<kw name="E Informar um e-mail válido" library="kws_webautomotion">
<kw name="Email" library="FakerLibrary">
<var>${EMAIL}</var>
<msg timestamp="20220330 02:10:45.192" level="INFO">${EMAIL} = sofiamelo@example.net</msg>
<status status="PASS" starttime="20220330 02:10:45.191" endtime="20220330 02:10:45.192"/>
</kw>
<kw name="Wait Until Element Is Visible" library="SeleniumLibrary">
<arg>email_create</arg>
<doc>Waits until the element ``locator`` is visible.</doc>
<status status="PASS" starttime="20220330 02:10:45.193" endtime="20220330 02:10:45.905"/>
</kw>
<kw name="Title Should Be" library="SeleniumLibrary">
<arg>${LOGIN.TITLE}</arg>
<doc>Verifies that the current page title equals ``title``.</doc>
<msg timestamp="20220330 02:10:45.965" level="INFO">Page title is 'Login - My Store'.</msg>
<status status="PASS" starttime="20220330 02:10:45.905" endtime="20220330 02:10:45.965"/>
</kw>
<kw name="Input Text" library="SeleniumLibrary">
<arg>email_create</arg>
<arg>${EMAIL}</arg>
<doc>Types the given ``text`` into the text field identified by ``locator``.</doc>
<msg timestamp="20220330 02:10:45.966" level="INFO">Typing text 'sofiamelo@example.net' into text field 'email_create'.</msg>
<status status="PASS" starttime="20220330 02:10:45.965" endtime="20220330 02:10:46.616"/>
</kw>
<kw name="Log To Console" library="BuiltIn">
<arg>${EMAIL}</arg>
<doc>Logs the given message to the console.</doc>
<status status="PASS" starttime="20220330 02:10:46.617" endtime="20220330 02:10:46.618"/>
</kw>
<status status="PASS" starttime="20220330 02:10:45.190" endtime="20220330 02:10:46.618"/>
</kw>
<kw name="E Clicar em &quot;Create an account&quot;" library="kws_webautomotion">
<kw name="Click Element" library="SeleniumLibrary">
<arg>${USER.SubmitCreate}</arg>
<doc>Click the element identified by ``locator``.</doc>
<msg timestamp="20220330 02:10:46.622" level="INFO">Clicking element 'SubmitCreate'.</msg>
<status status="PASS" starttime="20220330 02:10:46.620" endtime="20220330 02:10:46.741"/>
</kw>
<status status="PASS" starttime="20220330 02:10:46.619" endtime="20220330 02:10:46.741"/>
</kw>
<kw name="E Preencher os dados obrigatórios" library="kws_webautomotion">
<kw name="First Name" library="FakerLibrary">
<var>${NAME}</var>
<msg timestamp="20220330 02:10:46.744" level="INFO">${NAME} = Caio</msg>
<status status="PASS" starttime="20220330 02:10:46.743" endtime="20220330 02:10:46.744"/>
</kw>
<kw name="Last Name" library="FakerLibrary">
<var>${LAST_NAME}</var>
<msg timestamp="20220330 02:10:46.745" level="INFO">${LAST_NAME} = Lima</msg>
<status status="PASS" starttime="20220330 02:10:46.744" endtime="20220330 02:10:46.745"/>
</kw>
<kw name="Phone Number" library="FakerLibrary">
<var>${PHONE_NUMBER}</var>
<msg timestamp="20220330 02:10:46.747" level="INFO">${PHONE_NUMBER} = +55 31 6286-8427</msg>
<status status="PASS" starttime="20220330 02:10:46.746" endtime="20220330 02:10:46.747"/>
</kw>
<kw name="Password" library="FakerLibrary">
<var>${PASSWORD}</var>
<doc>Generate a random password of the specified ``length``.</doc>
<msg timestamp="20220330 02:10:46.748" level="INFO">${PASSWORD} = 4x2X4Ls%O$</msg>
<status status="PASS" starttime="20220330 02:10:46.747" endtime="20220330 02:10:46.748"/>
</kw>
<kw name="City" library="FakerLibrary">
<var>${CITY}</var>
<doc>:example: 'Sashabury'</doc>
<msg timestamp="20220330 02:10:46.749" level="INFO">${CITY} = Araújo de Goiás</msg>
<status status="PASS" starttime="20220330 02:10:46.748" endtime="20220330 02:10:46.749"/>
</kw>
<kw name="Word" library="FakerLibrary">
<var>${TEXT}</var>
<doc>Generate a word.</doc>
<msg timestamp="20220330 02:10:46.750" level="INFO">${TEXT} = nulla</msg>
<status status="PASS" starttime="20220330 02:10:46.749" endtime="20220330 02:10:46.750"/>
</kw>
<kw name="Title Should Be" library="SeleniumLibrary">
<arg>${LOGIN.TITLE}</arg>
<doc>Verifies that the current page title equals ``title``.</doc>
<msg timestamp="20220330 02:10:46.759" level="INFO">Page title is 'Login - My Store'.</msg>
<status status="PASS" starttime="20220330 02:10:46.751" endtime="20220330 02:10:46.759"/>
</kw>
<kw name="Wait Until Element Is Visible" library="SeleniumLibrary">
<arg>${LOGIN.CHECKPAGE}</arg>
<doc>Waits until the element ``locator`` is visible.</doc>
<status status="PASS" starttime="20220330 02:10:46.759" endtime="20220330 02:10:48.373"/>
</kw>
<kw name="Click Element" library="SeleniumLibrary">
<arg>${MR}</arg>
<doc>Click the element identified by ``locator``.</doc>
<msg timestamp="20220330 02:10:48.373" level="INFO">Clicking element 'id:id_gender1'.</msg>
<status status="PASS" starttime="20220330 02:10:48.373" endtime="20220330 02:10:48.475"/>
</kw>
<kw name="Input Text" library="SeleniumLibrary">
<arg>${USER.customer_firstname}</arg>
<arg>${NAME}</arg>
<doc>Types the given ``text`` into the text field identified by ``locator``.</doc>
<msg timestamp="20220330 02:10:48.478" level="INFO">Typing text 'Caio' into text field 'customer_firstname'.</msg>
<status status="PASS" starttime="20220330 02:10:48.475" endtime="20220330 02:10:48.734"/>
</kw>
<kw name="Input Text" library="SeleniumLibrary">
<arg>${USER.customer_lastname}</arg>
<arg>${LAST_NAME}</arg>
<doc>Types the given ``text`` into the text field identified by ``locator``.</doc>
<msg timestamp="20220330 02:10:48.737" level="INFO">Typing text 'Lima' into text field 'customer_lastname'.</msg>
<status status="PASS" starttime="20220330 02:10:48.735" endtime="20220330 02:10:49.093"/>
</kw>
<kw name="Input Password" library="SeleniumLibrary">
<arg>${USER.passwd}</arg>
<arg>${PASSWORD}</arg>
<doc>Types the given password into the text field identified by ``locator``.</doc>
<msg timestamp="20220330 02:10:49.096" level="INFO">Typing password into text field 'passwd'.</msg>
<msg timestamp="20220330 02:10:49.173" level="INFO">Temporally setting log level to: NONE</msg>
<msg timestamp="20220330 02:10:49.305" level="INFO">Log level changed from NONE to INFO.</msg>
<status status="PASS" starttime="20220330 02:10:49.093" endtime="20220330 02:10:49.306"/>
</kw>
<kw name="Select From List By Value" library="SeleniumLibrary">
<arg>${USER.days}</arg>
<arg>${DATE.DIA}</arg>
<doc>Selects options from selection list ``locator`` by ``values``.</doc>
<msg timestamp="20220330 02:10:49.310" level="INFO">Selecting options from selection list 'days' by value 1.</msg>
<status status="PASS" starttime="20220330 02:10:49.306" endtime="20220330 02:10:49.448"/>
</kw>
<kw name="Select From List By Value" library="SeleniumLibrary">
<arg>${USER.months}</arg>
<arg>${DATE.MES}</arg>
<doc>Selects options from selection list ``locator`` by ``values``.</doc>
<msg timestamp="20220330 02:10:49.453" level="INFO">Selecting options from selection list 'months' by value 3.</msg>
<status status="PASS" starttime="20220330 02:10:49.449" endtime="20220330 02:10:49.572"/>
</kw>
<kw name="Select From List By Value" library="SeleniumLibrary">
<arg>${USER.years}</arg>
<arg>${DATE.ANO}</arg>
<doc>Selects options from selection list ``locator`` by ``values``.</doc>
<msg timestamp="20220330 02:10:49.574" level="INFO">Selecting options from selection list 'years' by value 2000.</msg>
<status status="PASS" starttime="20220330 02:10:49.572" endtime="20220330 02:10:49.725"/>
</kw>
<kw name="Click Button" library="SeleniumLibrary">
<arg>${USER.newsletter}</arg>
<doc>Clicks the button identified by ``locator``.</doc>
<msg timestamp="20220330 02:10:49.727" level="INFO">Clicking button 'newsletter'.</msg>
<status status="PASS" starttime="20220330 02:10:49.725" endtime="20220330 02:10:49.832"/>
</kw>
<kw name="Click Button" library="SeleniumLibrary">
<arg>${USER.optin}</arg>
<doc>Clicks the button identified by ``locator``.</doc>
<msg timestamp="20220330 02:10:49.834" level="INFO">Clicking button 'optin'.</msg>
<status status="PASS" starttime="20220330 02:10:49.832" endtime="20220330 02:10:49.939"/>
</kw>
<kw name="Input Text" library="SeleniumLibrary">
<arg>${USER.firstname}</arg>
<arg>${NAME}</arg>
<doc>Types the given ``text`` into the text field identified by ``locator``.</doc>
<msg timestamp="20220330 02:10:49.941" level="INFO">Typing text 'Caio' into text field 'firstname'.</msg>
<status status="PASS" starttime="20220330 02:10:49.940" endtime="20220330 02:10:50.093"/>
</kw>
<kw name="Input Text" library="SeleniumLibrary">
<arg>${USER.lastname}</arg>
<arg>${LAST_NAME}</arg>
<doc>Types the given ``text`` into the text field identified by ``locator``.</doc>
<msg timestamp="20220330 02:10:50.097" level="INFO">Typing text 'Lima' into text field 'lastname'.</msg>
<status status="PASS" starttime="20220330 02:10:50.094" endtime="20220330 02:10:50.248"/>
</kw>
<kw name="Input Text" library="SeleniumLibrary">
<arg>${USER.company}</arg>
<arg>Prime Control</arg>
<doc>Types the given ``text`` into the text field identified by ``locator``.</doc>
<msg timestamp="20220330 02:10:50.251" level="INFO">Typing text 'Prime Control' into text field 'company'.</msg>
<status status="PASS" starttime="20220330 02:10:50.249" endtime="20220330 02:10:50.498"/>
</kw>
<kw name="Input Text" library="SeleniumLibrary">
<arg>${USER.address1}</arg>
<arg>Rua Robot Framework</arg>
<doc>Types the given ``text`` into the text field identified by ``locator``.</doc>
<msg timestamp="20220330 02:10:50.502" level="INFO">Typing text 'Rua Robot Framework' into text field 'address1'.</msg>
<status status="PASS" starttime="20220330 02:10:50.498" endtime="20220330 02:10:50.835"/>
</kw>
<kw name="Input Text" library="SeleniumLibrary">
<arg>${USER.address2}</arg>
<arg>Automatizando processos</arg>
<doc>Types the given ``text`` into the text field identified by ``locator``.</doc>
<msg timestamp="20220330 02:10:50.838" level="INFO">Typing text 'Automatizando processos' into text field 'address2'.</msg>
<status status="PASS" starttime="20220330 02:10:50.835" endtime="20220330 02:10:51.075"/>
</kw>
<kw name="Input Text" library="SeleniumLibrary">
<arg>${USER.city}</arg>
<arg>${CITY}</arg>
<doc>Types the given ``text`` into the text field identified by ``locator``.</doc>
<msg timestamp="20220330 02:10:51.079" level="INFO">Typing text 'Araújo de Goiás' into text field 'city'.</msg>
<status status="PASS" starttime="20220330 02:10:51.076" endtime="20220330 02:10:51.271"/>
</kw>
<kw name="Select From List By Value" library="SeleniumLibrary">
<arg>${USER.id_state}</arg>
<arg>10</arg>
<doc>Selects options from selection list ``locator`` by ``values``.</doc>
<msg timestamp="20220330 02:10:51.273" level="INFO">Selecting options from selection list 'id_state' by value 10.</msg>
<status status="PASS" starttime="20220330 02:10:51.272" endtime="20220330 02:10:51.389"/>
</kw>
<kw name="Input Text" library="SeleniumLibrary">
<arg>${USER.postcode}</arg>
<arg>${POSTAL_CODE}</arg>
<doc>Types the given ``text`` into the text field identified by ``locator``.</doc>
<msg timestamp="20220330 02:10:51.390" level="INFO">Typing text '45995' into text field 'postcode'.</msg>
<status status="PASS" starttime="20220330 02:10:51.389" endtime="20220330 02:10:51.556"/>
</kw>
<kw name="Input Text" library="SeleniumLibrary">
<arg>${USER.other}</arg>
<arg>${TEXT}</arg>
<doc>Types the given ``text`` into the text field identified by ``locator``.</doc>
<msg timestamp="20220330 02:10:51.558" level="INFO">Typing text 'nulla' into text field 'other'.</msg>
<status status="PASS" starttime="20220330 02:10:51.556" endtime="20220330 02:10:51.703"/>
</kw>
<kw name="Input Text" library="SeleniumLibrary">
<arg>${USER.phone}</arg>
<arg>${PHONE_NUMBER}</arg>
<doc>Types the given ``text`` into the text field identified by ``locator``.</doc>
<msg timestamp="20220330 02:10:51.705" level="INFO">Typing text '+55 31 6286-8427' into text field 'phone'.</msg>
<status status="PASS" starttime="20220330 02:10:51.703" endtime="20220330 02:10:51.977"/>
</kw>
<kw name="Input Text" library="SeleniumLibrary">
<arg>${USER.phone_mobile}</arg>
<arg>${PHONE_NUMBER}</arg>
<doc>Types the given ``text`` into the text field identified by ``locator``.</doc>
<msg timestamp="20220330 02:10:51.981" level="INFO">Typing text '+55 31 6286-8427' into text field 'phone_mobile'.</msg>
<status status="PASS" starttime="20220330 02:10:51.978" endtime="20220330 02:10:52.203"/>
</kw>
<kw name="Input Text" library="SeleniumLibrary">
<arg>${USER.alias}</arg>
<arg>My address</arg>
<doc>Types the given ``text`` into the text field identified by ``locator``.</doc>
<msg timestamp="20220330 02:10:52.206" level="INFO">Typing text 'My address' into text field 'alias'.</msg>
<status status="PASS" starttime="20220330 02:10:52.204" endtime="20220330 02:10:52.398"/>
</kw>
<status status="PASS" starttime="20220330 02:10:46.742" endtime="20220330 02:10:52.398"/>
</kw>
<kw name=" E Submeter cadastro" library="kws_webautomotion">
<kw name="Click Button" library="SeleniumLibrary">
<arg>${USER.submitAccount}</arg>
<doc>Clicks the button identified by ``locator``.</doc>
<msg timestamp="20220330 02:10:52.404" level="INFO">Clicking button 'submitAccount'.</msg>
<status status="PASS" starttime="20220330 02:10:52.401" endtime="20220330 02:10:54.682"/>
</kw>
<status status="PASS" starttime="20220330 02:10:52.400" endtime="20220330 02:10:54.682"/>
</kw>
<kw name=" Então conferir se o cadastro foi efetuado com sucesso" library="kws_webautomotion">
<kw name="Wait Until Page Contains" library="SeleniumLibrary">
<arg>${WELCOME}</arg>
<doc>Waits until ``text`` appears on the current page.</doc>
<status status="PASS" starttime="20220330 02:10:54.686" endtime="20220330 02:10:54.724"/>
</kw>
<kw name="Page Should Contain Element" library="SeleniumLibrary">
<arg>${PAGE-HEADING}</arg>
<doc>Verifies that element ``locator`` is found on the current page.</doc>
<msg timestamp="20220330 02:10:54.741" level="INFO">Current page contains element 'id=center_column'.</msg>
<status status="PASS" starttime="20220330 02:10:54.724" endtime="20220330 02:10:54.741"/>
</kw>
<status status="PASS" starttime="20220330 02:10:54.685" endtime="20220330 02:10:54.742"/>
</kw>
<kw name="Fechar sessão" library="hooks" type="TEARDOWN">
<kw name="Capture Page Screenshot" library="SeleniumLibrary">
<doc>Takes a screenshot of the current page and embeds it into a log file.</doc>
<msg timestamp="20220330 02:10:55.059" level="INFO" html="true">&lt;/td&gt;&lt;/tr&gt;&lt;tr&gt;&lt;td colspan="3"&gt;&lt;a href="selenium-screenshot-37.png"&gt;&lt;img src="selenium-screenshot-37.png" width="800px"&gt;&lt;/a&gt;</msg>
<status status="PASS" starttime="20220330 02:10:54.745" endtime="20220330 02:10:55.059"/>
</kw>
<kw name="Close Browser" library="SeleniumLibrary">
<doc>Closes the current browser.</doc>
<status status="PASS" starttime="20220330 02:10:55.060" endtime="20220330 02:10:57.293"/>
</kw>
<status status="PASS" starttime="20220330 02:10:54.743" endtime="20220330 02:10:57.294"/>
</kw>
<tag>cenario4</tag>
<status status="PASS" starttime="20220330 02:10:35.206" endtime="20220330 02:10:57.296"/>
</test>
<doc>Aqui estarão presentes todos os cenários de automação WEB</doc>
<status status="PASS" starttime="20220330 02:09:39.054" endtime="20220330 02:10:57.299"/>
</suite>
<statistics>
<total>
<stat pass="4" fail="0" skip="0">All Tests</stat>
</total>
<tag>
<stat pass="1" fail="0" skip="0">cenario1</stat>
<stat pass="1" fail="0" skip="0">cenario2</stat>
<stat pass="1" fail="0" skip="0">cenario3</stat>
<stat pass="1" fail="0" skip="0">cenario4</stat>
</tag>
<suite>
<stat pass="4" fail="0" skip="0" id="s1" name="Webautomation">Webautomation</stat>
</suite>
</statistics>
<errors>
</errors>
</robot>
